=== Command: pytest tests/test_nae_benchmark_*.py -v ===
=== Working tree state: includes uncommitted schema/loader/__init__ changes (see changed_files.txt) ===

============================= test session starts ==============================
platform darwin -- Python 3.11.15, pytest-9.1.1, pluggy-1.6.0 -- /Users/David/envs/dbma311/bin/python
cachedir: .pytest_cache
rootdir: /Users/David/DBMA
configfile: pyproject.toml
plugins: anyio-4.14.0, cov-7.1.0, Faker-40.23.0, langsmith-0.9.1
collecting ... collected 92 items

tests/test_nae_benchmark_evaluator.py::TestEvaluatorEvaluate::test_evaluate_passed_when_recall_above_threshold PASSED [  1%]
tests/test_nae_benchmark_evaluator.py::TestEvaluatorEvaluate::test_evaluate_failed_when_recall_below_threshold PASSED [  2%]
tests/test_nae_benchmark_evaluator.py::TestEvaluatorEvaluate::test_evaluate_skipped_when_relevant_ids_empty PASSED [  3%]
tests/test_nae_benchmark_evaluator.py::TestEvaluatorEvaluate::test_evaluate_explicit_relevant_ids_overrides_item_expected PASSED [  4%]
tests/test_nae_benchmark_evaluator.py::TestEvaluatorEvaluate::test_evaluate_empty_retrieved_does_not_crash PASSED [  5%]
tests/test_nae_benchmark_evaluator.py::TestEvaluatorReport::test_report_empty_when_no_results PASSED [  6%]
tests/test_nae_benchmark_evaluator.py::TestEvaluatorReport::test_report_averages_metrics_across_results PASSED [  7%]
tests/test_nae_benchmark_evaluator.py::TestEvaluatorReport::test_report_not_biased_by_leading_skipped_result PASSED [  8%]
tests/test_nae_benchmark_evaluator.py::TestEvaluatorReport::test_report_status_distribution_counts_all_statuses PASSED [  9%]
tests/test_nae_benchmark_evaluator.py::TestEvaluatorReport::test_report_includes_per_question_detail PASSED [ 10%]
tests/test_nae_benchmark_evaluator.py::TestEvaluatorReport::test_reset_clears_all_state PASSED [ 11%]
tests/test_nae_benchmark_loader.py::TestLoadDataset::test_load_valid_jsonl PASSED [ 13%]
tests/test_nae_benchmark_loader.py::TestLoadDataset::test_load_mixed_jsonl_skip_invalid PASSED [ 14%]
tests/test_nae_benchmark_loader.py::TestLoadDataset::test_load_corrupted_jsonl_skip_invalid PASSED [ 15%]
tests/test_nae_benchmark_loader.py::TestLoadDataset::test_load_file_not_found PASSED [ 16%]
tests/test_nae_benchmark_loader.py::TestLoadDataset::test_load_with_skip_malformed_false PASSED [ 17%]
tests/test_nae_benchmark_loader.py::TestLoadDataset::test_load_returns_benchmark_items PASSED [ 18%]
tests/test_nae_benchmark_loader.py::TestLoadDataset::test_load_preserves_all_fields PASSED [ 19%]
tests/test_nae_benchmark_loader.py::TestValidateDataset::test_validate_valid_jsonl PASSED [ 20%]
tests/test_nae_benchmark_loader.py::TestValidateDataset::test_validate_mixed_jsonl PASSED [ 21%]
tests/test_nae_benchmark_loader.py::TestValidateDataset::test_validate_returns_dict PASSED [ 22%]
tests/test_nae_benchmark_loader.py::TestIntegration::test_load_benchmark_v1 PASSED [ 23%]
tests/test_nae_benchmark_loader.py::TestIntegration::test_benchmark_ids PASSED [ 25%]
tests/test_nae_benchmark_metrics.py::TestRecallAtK::test_recall_with_hit PASSED [ 26%]
tests/test_nae_benchmark_metrics.py::TestRecallAtK::test_recall_with_no_hit PASSED [ 27%]
tests/test_nae_benchmark_metrics.py::TestRecallAtK::test_recall_partial_hit PASSED [ 28%]
tests/test_nae_benchmark_metrics.py::TestRecallAtK::test_recall_empty_relevant PASSED [ 29%]
tests/test_nae_benchmark_metrics.py::TestRecallAtK::test_recall_with_k_parameter PASSED [ 30%]
tests/test_nae_benchmark_metrics.py::TestRecallAtK::test_recall_multiple_relevant PASSED [ 31%]
tests/test_nae_benchmark_metrics.py::TestRecallAtK::test_recall_empty_retrieved PASSED [ 32%]
tests/test_nae_benchmark_metrics.py::TestRecallAtK::test_recall_never_exceeds_one_with_duplicate_retrieved PASSED [ 33%]
tests/test_nae_benchmark_metrics.py::TestRecallAtK::test_recall_duplicate_retrieved_partial_relevant PASSED [ 34%]
tests/test_nae_benchmark_metrics.py::TestPrecisionAtK::test_precision_perfect PASSED [ 35%]
tests/test_nae_benchmark_metrics.py::TestPrecisionAtK::test_precision_partial PASSED [ 36%]
tests/test_nae_benchmark_metrics.py::TestPrecisionAtK::test_precision_with_k PASSED [ 38%]
tests/test_nae_benchmark_metrics.py::TestPrecisionAtK::test_precision_empty_retrieved PASSED [ 39%]
tests/test_nae_benchmark_metrics.py::TestPrecisionAtK::test_precision_duplicate_retrieved_not_double_counted PASSED [ 40%]
tests/test_nae_benchmark_metrics.py::TestMRR::test_mrr_first_hit PASSED  [ 41%]
tests/test_nae_benchmark_metrics.py::TestMRR::test_mrr_second_hit PASSED [ 42%]
tests/test_nae_benchmark_metrics.py::TestMRR::test_mrr_third_hit PASSED  [ 43%]
tests/test_nae_benchmark_metrics.py::TestMRR::test_mrr_no_hit PASSED     [ 44%]
tests/test_nae_benchmark_metrics.py::TestMRR::test_mrr_multiple_relevant_first_hit PASSED [ 45%]
tests/test_nae_benchmark_metrics.py::TestMRR::test_mrr_empty_retrieved PASSED [ 46%]
tests/test_nae_benchmark_metrics.py::TestHitRate::test_hit_rate_with_hit PASSED [ 47%]
tests/test_nae_benchmark_metrics.py::TestHitRate::test_hit_rate_without_hit PASSED [ 48%]
tests/test_nae_benchmark_metrics.py::TestComputeAllMetrics::test_compute_all_metrics_returns_dict PASSED [ 50%]
tests/test_nae_benchmark_metrics.py::TestComputeAllMetrics::test_compute_all_metrics_has_required_keys PASSED [ 51%]
tests/test_nae_benchmark_metrics.py::TestComputeAllMetrics::test_compute_all_metrics_fixed_data PASSED [ 52%]
tests/test_nae_benchmark_metrics.py::TestComputeAllMetrics::test_compute_all_metrics_with_k PASSED [ 53%]
tests/test_nae_benchmark_metrics.py::TestComputeAllMetrics::test_compute_all_metrics_empty_retrieved PASSED [ 54%]
tests/test_nae_benchmark_metrics.py::TestComputeAllMetrics::test_compute_all_metrics_empty_relevant PASSED [ 55%]
tests/test_nae_benchmark_metrics.py::TestIntegration::test_fixed_data_recall_equals_1 PASSED [ 56%]
tests/test_nae_benchmark_metrics.py::TestIntegration::test_fixed_data_mrr_equals_0_5 PASSED [ 57%]
tests/test_nae_benchmark_metrics.py::TestIntegration::test_fixed_data_precision_equals_1_3 PASSED [ 58%]
tests/test_nae_benchmark_runner.py::TestRunBenchmark::test_run_benchmark_with_perfect_retrieval PASSED [ 59%]
tests/test_nae_benchmark_runner.py::TestRunBenchmark::test_run_benchmark_empty_dataset_returns_error PASSED [ 60%]
tests/test_nae_benchmark_runner.py::TestRunBenchmark::test_run_benchmark_isolates_retrieval_failure_per_item PASSED [ 61%]
tests/test_nae_benchmark_runner.py::TestRunBenchmark::test_run_benchmark_writes_output_file PASSED [ 63%]
tests/test_nae_benchmark_runner.py::TestRunBenchmark::test_run_benchmark_missing_dataset_raises PASSED [ 64%]
tests/test_nae_benchmark_runner.py::TestCLI::test_build_parser_requires_dataset PASSED [ 65%]
tests/test_nae_benchmark_runner.py::TestCLI::test_main_runs_with_dummy_retrieval PASSED [ 66%]
tests/test_nae_benchmark_runner.py::TestCLI::test_main_returns_nonzero_on_missing_dataset PASSED [ 67%]
tests/test_nae_benchmark_schema.py::TestSchemaConstants::test_question_types_not_empty PASSED [ 68%]
tests/test_nae_benchmark_schema.py::TestSchemaConstants::test_difficulty_levels_not_empty PASSED [ 69%]
tests/test_nae_benchmark_schema.py::TestSchemaConstants::test_review_statuses_not_empty PASSED [ 70%]
tests/test_nae_benchmark_schema.py::TestBenchmarkItemCreation::test_default_creation PASSED [ 71%]
tests/test_nae_benchmark_schema.py::TestBenchmarkItemCreation::test_full_creation PASSED [ 72%]
tests/test_nae_benchmark_schema.py::TestBenchmarkItemSerialization::test_to_dict PASSED [ 73%]
tests/test_nae_benchmark_schema.py::TestBenchmarkItemSerialization::test_to_json PASSED [ 75%]
tests/test_nae_benchmark_schema.py::TestBenchmarkItemSerialization::test_from_dict PASSED [ 76%]
tests/test_nae_benchmark_schema.py::TestBenchmarkItemSerialization::test_from_json PASSED [ 77%]
tests/test_nae_benchmark_schema.py::TestBenchmarkItemValidation::test_valid_item PASSED [ 78%]
tests/test_nae_benchmark_schema.py::TestBenchmarkItemValidation::test_missing_benchmark_id PASSED [ 79%]
tests/test_nae_benchmark_schema.py::TestBenchmarkItemValidation::test_missing_question_text PASSED [ 80%]
tests/test_nae_benchmark_schema.py::TestBenchmarkItemValidation::test_invalid_language PASSED [ 81%]
tests/test_nae_benchmark_schema.py::TestBenchmarkItemValidation::test_invalid_question_type PASSED [ 82%]
tests/test_nae_benchmark_schema.py::TestBenchmarkItemValidation::test_invalid_top_k PASSED [ 83%]
tests/test_nae_benchmark_schema.py::TestBenchmarkItemValidation::test_invalid_difficulty PASSED [ 84%]
tests/test_nae_benchmark_schema.py::TestBenchmarkItemValidation::test_invalid_review_status PASSED [ 85%]
tests/test_nae_benchmark_schema.py::TestBenchmarkItemValidation::test_duplicate_gold_tsu_ids PASSED [ 86%]
tests/test_nae_benchmark_schema.py::TestBenchmarkItemValidation::test_valid_question_type_values PASSED [ 88%]
tests/test_nae_benchmark_schema.py::TestBenchmarkItemValidation::test_valid_difficulty_values PASSED [ 89%]
tests/test_nae_benchmark_schema.py::TestBenchmarkItemValidation::test_valid_review_status_values PASSED [ 90%]
tests/test_nae_benchmark_schema.py::TestBenchmarkItemReferentialIntegrity::test_valid_gold_tsu_ids PASSED [ 91%]
tests/test_nae_benchmark_schema.py::TestBenchmarkItemReferentialIntegrity::test_invalid_gold_tsu_ids PASSED [ 92%]
tests/test_nae_benchmark_schema.py::TestBenchmarkItemReferentialIntegrity::test_multiple_invalid_gold_tsu_ids PASSED [ 93%]
tests/test_nae_benchmark_schema.py::TestBenchmarkItemReferentialIntegrity::test_none_known_tsu_ids PASSED [ 94%]
tests/test_nae_benchmark_schema.py::TestBenchmarkItemReferentialIntegrity::test_empty_gold_tsu_ids PASSED [ 95%]
tests/test_nae_benchmark_schema.py::TestBenchmarkExpected::test_gold_tsu_ids_primary PASSED [ 96%]
tests/test_nae_benchmark_schema.py::TestBenchmarkExpected::test_gold_tsu_ids_empty_default PASSED [ 97%]
tests/test_nae_benchmark_schema.py::TestBenchmarkExpected::test_backward_compatible_scriptures PASSED [ 98%]
tests/test_nae_benchmark_schema.py::TestBenchmarkExpected::test_backward_compatible_doctrine PASSED [100%]

============================== 92 passed in 0.07s ==============================
